Determining if the pthread_create exist failed with the following output:
Change Dir: /home/nawres/scout_simulation/build/CMakeFiles/CMakeTmp

Run Build Command:"/usr/bin/make" "cmTC_33fc3/fast"
/usr/bin/make -f CMakeFiles/cmTC_33fc3.dir/build.make CMakeFiles/cmTC_33fc3.dir/build
make[1]: Entering directory '/home/nawres/scout_simulation/build/CMakeFiles/CMakeTmp'
Building C object CMakeFiles/cmTC_33fc3.dir/CheckSymbolExists.c.o
/usr/bin/cc    -o CMakeFiles/cmTC_33fc3.dir/CheckSymbolExists.c.o   -c /home/nawres/scout_simulation/build/CMakeFiles/CMakeTmp/CheckSymbolExists.c
Linking C executable cmTC_33fc3
/usr/bin/cmake -E cmake_link_script CMakeFiles/cmTC_33fc3.dir/link.txt --verbose=1
/usr/bin/cc      -rdynamic CMakeFiles/cmTC_33fc3.dir/CheckSymbolExists.c.o  -o cmTC_33fc3 
CMakeFiles/cmTC_33fc3.dir/CheckSymbolExists.c.o: In function `main':
CheckSymbolExists.c:(.text+0x1b): undefined reference to `pthread_create'
collect2: error: ld returned 1 exit status
CMakeFiles/cmTC_33fc3.dir/build.make:97: recipe for target 'cmTC_33fc3' failed
make[1]: *** [cmTC_33fc3] Error 1
make[1]: Leaving directory '/home/nawres/scout_simulation/build/CMakeFiles/CMakeTmp'
Makefile:126: recipe for target 'cmTC_33fc3/fast' failed
make: *** [cmTC_33fc3/fast] Error 2

File /home/nawres/scout_simulation/build/CMakeFiles/CMakeTmp/CheckSymbolExists.c:
/* */
#include <pthread.h>

int main(int argc, char** argv)
{
  (void)argv;
#ifndef pthread_create
  return ((int*)(&pthread_create))[argc];
#else
  (void)argc;
  return 0;
#endif
}

Determining if the function pthread_create exists in the pthreads failed with the following output:
Change Dir: /home/nawres/scout_simulation/build/CMakeFiles/CMakeTmp

Run Build Command:"/usr/bin/make" "cmTC_0251f/fast"
/usr/bin/make -f CMakeFiles/cmTC_0251f.dir/build.make CMakeFiles/cmTC_0251f.dir/build
make[1]: Entering directory '/home/nawres/scout_simulation/build/CMakeFiles/CMakeTmp'
Building C object CMakeFiles/cmTC_0251f.dir/CheckFunctionExists.c.o
/usr/bin/cc   -DCHECK_FUNCTION_EXISTS=pthread_create   -o CMakeFiles/cmTC_0251f.dir/CheckFunctionExists.c.o   -c /usr/share/cmake-3.10/Modules/CheckFunctionExists.c
Linking C executable cmTC_0251f
/usr/bin/cmake -E cmake_link_script CMakeFiles/cmTC_0251f.dir/link.txt --verbose=1
/usr/bin/cc  -DCHECK_FUNCTION_EXISTS=pthread_create    -rdynamic CMakeFiles/cmTC_0251f.dir/CheckFunctionExists.c.o  -o cmTC_0251f -lpthreads 
/usr/bin/ld: cannot find -lpthreads
collect2: error: ld returned 1 exit status
CMakeFiles/cmTC_0251f.dir/build.make:97: recipe for target 'cmTC_0251f' failed
make[1]: *** [cmTC_0251f] Error 1
make[1]: Leaving directory '/home/nawres/scout_simulation/build/CMakeFiles/CMakeTmp'
Makefile:126: recipe for target 'cmTC_0251f/fast' failed
make: *** [cmTC_0251f/fast] Error 2


